<?xml version="1.0" encoding="UTF-8"?>
<!-- Generated by org.testng.reporters.JUnitXMLReporter -->
<testsuite ignored="0" hostname="Mac.lan" failures="1" tests="1" name="Surefire test" time="0.497" errors="0" timestamp="2026-03-01T17:54:07 GMT">
  <testcase classname="io.cucumber.testng.AbstractTestNGCucumberTests" name="runScenario" time="0.284">
    <failure type="java.lang.NullPointerException" message="Cannot invoke &amp;quot;io.appium.java_client.ios.IOSDriver.findElement(org.openqa.selenium.By)&amp;quot; because &amp;quot;this.driver&amp;quot; is null">
      <![CDATA[java.lang.NullPointerException: Cannot invoke "io.appium.java_client.ios.IOSDriver.findElement(org.openqa.selenium.By)" because "this.driver" is null
at com.my5.mobile.pages.LoginPage.enterEmail(LoginPage.java:20)
at com.my5.mobile.stepDefinitions.LoginSteps.enterCredentials(LoginSteps.java:18)
at ✽.User enters valid credentials(file:///Users/baijayantibiswal/Documents/TestProjects/Channel5_Mobile-main/mobile-automation-framework/src/test/resources/features/login.feature:5)
]]>
    </failure>
  </testcase> <!-- runScenario -->
</testsuite> <!-- Surefire test -->
