-------------------------------------------------------------------------------
Test set: com.my5.mobile.runners.TestRunner
-------------------------------------------------------------------------------
Tests run: 1, Failures: 1, Errors: 0, Skipped: 0, Time elapsed: 0.634 s <<< FAILURE! -- in com.my5.mobile.runners.TestRunner
com.my5.mobile.runners.TestRunner.runScenario["Successful login", "My5 iOS Login"](1) -- Time elapsed: 0.286 s <<< FAILURE!
java.lang.NullPointerException: Cannot invoke "io.appium.java_client.ios.IOSDriver.findElement(org.openqa.selenium.By)" because "this.driver" is null
	at com.my5.mobile.pages.LoginPage.enterEmail(LoginPage.java:20)
	at com.my5.mobile.stepDefinitions.LoginSteps.enterCredentials(LoginSteps.java:18)
	at ✽.User enters valid credentials(file:///Users/baijayantibiswal/Documents/TestProjects/Channel5_Mobile-main/mobile-automation-framework/src/test/resources/features/login.feature:5)

