<?xml version="1.0" encoding="UTF-8"?>
<testng-results ignored="0" total="1" passed="0" failed="1" skipped="0">
  <reporter-output>
  </reporter-output>
  <suite started-at="2026-03-01T17:54:06 GMT" name="Surefire suite" finished-at="2026-03-01T17:54:07 GMT" duration-ms="497">
    <groups>
      <group name="cucumber">
        <method signature="AbstractTestNGCucumberTests.runScenario(io.cucumber.testng.PickleWrapper,io.cucumber.testng.FeatureWrapper)[pri:0, instance:com.my5.mobile.runners.TestRunner@161b062a]" name="runScenario" class="io.cucumber.testng.AbstractTestNGCucumberTests"/>
      </group> <!-- cucumber -->
    </groups>
    <test started-at="2026-03-01T17:54:06 GMT" name="Surefire test" finished-at="2026-03-01T17:54:07 GMT" duration-ms="497">
      <class name="com.my5.mobile.runners.TestRunner">
        <test-method is-config="true" signature="setUpClass(org.testng.ITestContext)[pri:0, instance:com.my5.mobile.runners.TestRunner@161b062a]" started-at="2026-03-01T17:54:06 GMT" name="setUpClass" finished-at="2026-03-01T17:54:06 GMT" duration-ms="192" status="PASS">
          <params>
            <param index="0">
              <value>
                <![CDATA[org.testng.TestRunner@45f421c]]>
              </value>
            </param>
          </params>
          <reporter-output>
          </reporter-output>
        </test-method> <!-- setUpClass -->
        <test-method signature="runScenario(io.cucumber.testng.PickleWrapper,io.cucumber.testng.FeatureWrapper)[pri:0, instance:com.my5.mobile.runners.TestRunner@161b062a]" started-at="2026-03-01T17:54:06 GMT" name="runScenario" description="Runs Cucumber Scenarios" data-provider="scenarios" finished-at="2026-03-01T17:54:06 GMT" duration-ms="284" status="FAIL">
          <params>
            <param index="0">
              <value>
                <![CDATA["Successful login"]]>
              </value>
            </param>
            <param index="1">
              <value>
                <![CDATA["My5 iOS Login"]]>
              </value>
            </param>
          </params>
          <exception class="java.lang.NullPointerException">
            <message>
              <![CDATA[Cannot invoke "io.appium.java_client.ios.IOSDriver.findElement(org.openqa.selenium.By)" because "this.driver" is null]]>
            </message>
            <full-stacktrace>
              <![CDATA[java.lang.NullPointerException: Cannot invoke "io.appium.java_client.ios.IOSDriver.findElement(org.openqa.selenium.By)" because "this.driver" is null
at com.my5.mobile.pages.LoginPage.enterEmail(LoginPage.java:20)
at com.my5.mobile.stepDefinitions.LoginSteps.enterCredentials(LoginSteps.java:18)
at ✽.User enters valid credentials(file:///Users/baijayantibiswal/Documents/TestProjects/Channel5_Mobile-main/mobile-automation-framework/src/test/resources/features/login.feature:5)
]]>
            </full-stacktrace>
          </exception> <!-- java.lang.NullPointerException -->
          <reporter-output>
          </reporter-output>
        </test-method> <!-- runScenario -->
        <test-method is-config="true" signature="tearDownClass()[pri:0, instance:com.my5.mobile.runners.TestRunner@161b062a]" started-at="2026-03-01T17:54:06 GMT" name="tearDownClass" finished-at="2026-03-01T17:54:07 GMT" duration-ms="12" status="PASS">
          <reporter-output>
          </reporter-output>
        </test-method> <!-- tearDownClass -->
      </class> <!-- com.my5.mobile.runners.TestRunner -->
    </test> <!-- Surefire test -->
  </suite> <!-- Surefire suite -->
</testng-results>
