<?xml version="1.0" encoding="UTF-8"?>
<!-- Generated by org.testng.reporters.JUnitReportReporter -->
<testsuite hostname="Mac.lan" failures="0" tests="1" name="com.my5.mobile.runners.TestRunner" time="0.284" errors="1" timestamp="2026-03-01T17:54:07 GMT" skipped="0">
  <testcase classname="com.my5.mobile.runners.TestRunner" name="runScenario" time="0.284">
    <error message="Cannot invoke &quot;io.appium.java_client.ios.IOSDriver.findElement(org.openqa.selenium.By)&quot; because &quot;this.driver&quot; is null" type="java.lang.NullPointerException">
      <![CDATA[java.lang.NullPointerException: Cannot invoke "io.appium.java_client.ios.IOSDriver.findElement(org.openqa.selenium.By)" because "this.driver" is null
at com.my5.mobile.pages.LoginPage.enterEmail(LoginPage.java:20)
at com.my5.mobile.stepDefinitions.LoginSteps.enterCredentials(LoginSteps.java:18)
at ✽.User enters valid credentials(file:///Users/baijayantibiswal/Documents/TestProjects/Channel5_Mobile-main/mobile-automation-framework/src/test/resources/features/login.feature:5)
]]>
    </error>
  </testcase> <!-- runScenario -->
</testsuite> <!-- com.my5.mobile.runners.TestRunner -->
